#
# A fatal error has been detected by the Java Runtime Environment:
#
#  SIGBUS (0xa) at pc=0x0000000105f6be92, pid=2189, tid=0x000000000000a103
#
# JRE version: Java(TM) SE Runtime Environment (8.0_111-b14) (build 1.8.0_111-b14)
# Java VM: Java HotSpot(TM) 64-Bit Server VM (25.111-b14 mixed mode bsd-amd64 compressed oops)
# Problematic frame:
# C  [libzip.dylib+0x2e92]  newEntry+0x154
#
# Failed to write core dump. Core dumps have been disabled. To enable core dumping, try "ulimit -c unlimited" before starting Java again
#
# If you would like to submit a bug report, please visit:
#   http://bugreport.java.com/bugreport/crash.jsp
# The crash happened outside the Java Virtual Machine in native code.
# See problematic frame for where to report the bug.
#

---------------  T H R E A D  ---------------

Current thread (0x00007fd4cd8c4800):  JavaThread "Mule.app.deployer.monitor.1.thread.1" [_thread_in_native, id=41219, stack(0x0000700009c04000,0x0000700009d04000)]

siginfo: si_signo: 10 (SIGBUS), si_code: 2 (BUS_ADRERR), si_addr: 0x00000001293dfb8e

Registers:
RAX=0x00007fd4d2488640, RBX=0x00000001293dfb82, RCX=0x0000000000000001, RDX=0x0000000000000400
RSP=0x0000700009cff6b0, RBP=0x0000700009cff710, RSI=0x0000000000000400, RDI=0x00000000000004b3
R8 =0x0000000000000048, R9 =0x00007fd4d254b250, R10=0x00000000fffffc00, R11=0x00006ff8921f0c16
R12=0x00007fd4d0d4fe00, R13=0x00000000000050d0, R14=0x00000000d947b125, R15=0x00007fd4d23b3a20
RIP=0x0000000105f6be92, EFLAGS=0x0000000000010206, ERR=0x0000000000000004
  TRAPNO=0x000000000000000e

Top of Stack: (sp=0x0000700009cff6b0)
0x0000700009cff6b0:   0000700009cff699 0000000020cfc3d8
0x0000700009cff6c0:   0000700009cff700 0000000120cfc3d8
0x0000700009cff6d0:   0000700009cff6f0 00007fd4d2488640
0x0000700009cff6e0:   00007fd4d254b250 00007fd4d2488640
0x0000700009cff6f0:   00007fd4d0d4fe00 00000000000050d0
0x0000700009cff700:   00000000d947b125 00007fd4d23b3a20
0x0000700009cff710:   0000700009cff770 0000000105f6c52d
0x0000700009cff720:   0000700009cff7cf 0000700009cff7ce
0x0000700009cff730:   0000003f00000000 00000040018c4800
0x0000700009cff740:   0000700009cff78e 0000700009cffbd8
0x0000700009cff750:   0000000000000040 0000700009cff78e
0x0000700009cff760:   00007fd4d2488640 00007fd4cd8c49f8
0x0000700009cff770:   0000700009cffbc0 0000000105f6b238
0x0000700009cff780:   00007fd4d252be98 726f7fd400000001
0x0000700009cff790:   642f656c756d2f67 2f332f74696b7665
0x0000700009cff7a0:   65746e692f312f37 63696c2f6c616e72
0x0000700009cff7b0:   65736e6563694c2f 6f746164696c6156
0x0000700009cff7c0:   79726f7463614672 00007373616c632e
0x0000700009cff7d0:   00007fd4cc3382a8 00000000000003d8
0x0000700009cff7e0:   000000010802dc60 00000001063b16f0
0x0000700009cff7f0:   0000000009cff8d0 00007fffeb251472
0x0000700009cff800:   0000000000000000 00007fffeb14e98b
0x0000700009cff810:   0000000120cfc3d8 00007fd4cd8c4800
0x0000700009cff820:   0000000120cfc3d8 00007fd4cd8c4800
0x0000700009cff830:   0000000120cfc3d8 00007fd4cd8c4800
0x0000700009cff840:   0000000120cfc3d8 0000000120cfc3d8
0x0000700009cff850:   0000000120cfc3d8 00007fd4cc203da0
0x0000700009cff860:   00007fd4cd8c4800 0000700009cff950
0x0000700009cff870:   00007fd4d252be98 00007fd4d252be90
0x0000700009cff880:   0000700009cffa10 0000000107b14207
0x0000700009cff890:   00007fd4cd8c4800 00000000eb4512a8
0x0000700009cff8a0:   0000700009cff8e0 00007fffeb25291f 

Instructions: (pc=0x0000000105f6be92)
0x0000000105f6be72:   49 8b 7f 38 e8 5b 1b 00 00 4d 89 77 38 49 89 5f
0x0000000105f6be82:   40 4c 89 f0 48 85 c0 0f 84 11 05 00 00 48 89 c3
0x0000000105f6be92:   0f b6 43 0c 0f b6 4b 0d 48 c1 e1 08 48 01 c1 0f
0x0000000105f6bea2:   b6 43 0e 0f b6 53 0f 48 c1 e2 08 48 01 c2 48 c1 

Register to memory mapping:

RAX=0x00007fd4d2488640 is an unknown value
RBX=0x00000001293dfb82 is an unknown value
RCX=0x0000000000000001 is an unknown value
RDX=0x0000000000000400 is an unknown value
RSP=0x0000700009cff6b0 is pointing into the stack for thread: 0x00007fd4cd8c4800
RBP=0x0000700009cff710 is pointing into the stack for thread: 0x00007fd4cd8c4800
RSI=0x0000000000000400 is an unknown value
RDI=0x00000000000004b3 is an unknown value
R8 =0x0000000000000048 is an unknown value
R9 =0x00007fd4d254b250 is an unknown value
R10=0x00000000fffffc00 is an unknown value
R11=0x00006ff8921f0c16 is an unknown value
R12=0x00007fd4d0d4fe00 is an unknown value
R13=0x00000000000050d0 is an unknown value
R14=0x00000000d947b125 is an unknown value
R15=0x00007fd4d23b3a20 is an unknown value


Stack: [0x0000700009c04000,0x0000700009d04000],  sp=0x0000700009cff6b0,  free space=1005k
Native frames: (J=compiled Java code, j=interpreted, Vv=VM code, C=native code)
C  [libzip.dylib+0x2e92]  newEntry+0x154
C  [libzip.dylib+0x352d]  ZIP_GetEntry2+0xd4
C  [libzip.dylib+0x2238]  Java_java_util_zip_ZipFile_getEntry+0xcf
J 106  java.util.zip.ZipFile.getEntry(J[BZ)J (0 bytes) @ 0x00000001088dbd4e [0x00000001088dbc80+0xce]
J 3029 C2 java.util.zip.ZipFile.getEntry(Ljava/lang/String;)Ljava/util/zip/ZipEntry; (86 bytes) @ 0x00000001092a8220 [0x00000001092a7ec0+0x360]
J 1025 C2 sun.misc.URLClassPath.getResource(Ljava/lang/String;Z)Lsun/misc/Resource; (83 bytes) @ 0x0000000108b5b9e0 [0x0000000108b5b7e0+0x200]
J 4912 C2 java.net.URLClassLoader$1.run()Ljava/lang/Object; (5 bytes) @ 0x0000000108fac46c [0x0000000108fabf60+0x50c]
v  ~StubRoutines::call_stub
V  [libjvm.dylib+0x2ecf8a]
V  [libjvm.dylib+0x34d6c8]
J 403  java.security.AccessController.doPrivileged(Ljava/security/PrivilegedExceptionAction;Ljava/security/AccessControlContext;)Ljava/lang/Object; (0 bytes) @ 0x0000000108994ed5 [0x0000000108994e00+0xd5]
J 5450 C2 org.mule.module.launcher.FineGrainedControlClassLoader.findClass(Ljava/lang/String;)Ljava/lang/Class; (37 bytes) @ 0x00000001093684b0 [0x00000001093681c0+0x2f0]
J 3061 C2 org.mule.module.launcher.FineGrainedControlClassLoader.loadClass(Ljava/lang/String;Z)Ljava/lang/Class; (85 bytes) @ 0x00000001092d2cf0 [0x00000001092d1d60+0xf90]
J 2207 C2 java.lang.ClassLoader.loadClass(Ljava/lang/String;)Ljava/lang/Class; (7 bytes) @ 0x0000000108f9de60 [0x0000000108f9de20+0x40]
v  ~StubRoutines::call_stub
V  [libjvm.dylib+0x2ecf8a]
V  [libjvm.dylib+0x2ed718]
V  [libjvm.dylib+0x2ed870]
V  [libjvm.dylib+0x53b4f4]
V  [libjvm.dylib+0x53ac8d]
V  [libjvm.dylib+0x53b710]
V  [libjvm.dylib+0x53bdc3]
V  [libjvm.dylib+0x1e2476]
V  [libjvm.dylib+0x1f2886]
V  [libjvm.dylib+0x3ca7e2]
V  [libjvm.dylib+0x3cde0a]
V  [libjvm.dylib+0x3cdf2f]
V  [libjvm.dylib+0x2e73b5]
j  com.modus.mule.modules.as2.adapters.AS2ConnectorProcessAdapter.checkMuleLicense()V+2
j  com.modus.mule.modules.as2.adapters.AS2ConnectorProcessAdapter.initialise()V+5
v  ~StubRoutines::call_stub
V  [libjvm.dylib+0x2ecf8a]
V  [libjvm.dylib+0x4d1bb4]
V  [libjvm.dylib+0x4d20e8]
V  [libjvm.dylib+0x345394]
J 3262  sun.reflect.NativeMethodAccessorImpl.invoke0(Ljava/lang/reflect/Method;Ljava/lang/Object;[Ljava/lang/Object;)Ljava/lang/Object; (0 bytes) @ 0x0000000108935cad [0x0000000108935bc0+0xed]
J 3261 C1 sun.reflect.NativeMethodAccessorImpl.invoke(Ljava/lang/Object;[Ljava/lang/Object;)Ljava/lang/Object; (104 bytes) @ 0x0000000109354c14 [0x0000000109353a40+0x11d4]
J 3490 C2 java.lang.reflect.Method.invoke(Ljava/lang/Object;[Ljava/lang/Object;)Ljava/lang/Object; (62 bytes) @ 0x00000001094866a8 [0x0000000109486600+0xa8]
j  org.springframework.beans.factory.support.AbstractAutowireCapableBeanFactory.invokeCustomInitMethod(Ljava/lang/String;Ljava/lang/Object;Lorg/springframework/beans/factory/support/RootBeanDefinition;)V+287
J 6716 C1 org.springframework.beans.factory.support.AbstractAutowireCapableBeanFactory.invokeInitMethods(Ljava/lang/String;Ljava/lang/Object;Lorg/springframework/beans/factory/support/RootBeanDefinition;)V (162 bytes) @ 0x0000000109a734e4 [0x0000000109a722c0+0x1224]
J 3698 C1 org.springframework.beans.factory.support.AbstractAutowireCapableBeanFactory.initializeBean(Ljava/lang/String;Ljava/lang/Object;Lorg/springframework/beans/factory/support/RootBeanDefinition;)Ljava/lang/Object; (118 bytes) @ 0x00000001095753bc [0x0000000109574da0+0x61c]
J 4995 C1 org.springframework.beans.factory.support.AbstractAutowireCapableBeanFactory.doCreateBean(Ljava/lang/String;Lorg/springframework/beans/factory/support/RootBeanDefinition;[Ljava/lang/Object;)Ljava/lang/Object; (512 bytes) @ 0x0000000108b4e304 [0x0000000108b4c740+0x1bc4]
J 4994 C1 org.springframework.beans.factory.support.AbstractAutowireCapableBeanFactory.createBean(Ljava/lang/String;Lorg/springframework/beans/factory/support/RootBeanDefinition;[Ljava/lang/Object;)Ljava/lang/Object; (177 bytes) @ 0x000000010913dcac [0x000000010913d100+0xbac]
J 10083 C2 org.springframework.beans.factory.support.AbstractBeanFactory.doGetBean(Ljava/lang/String;Ljava/lang/Class;[Ljava/lang/Object;Z)Ljava/lang/Object; (732 bytes) @ 0x0000000108da3a84 [0x0000000108da2a80+0x1004]
J 4981 C1 org.springframework.beans.factory.support.AbstractBeanFactory.getBean(Ljava/lang/String;)Ljava/lang/Object; (9 bytes) @ 0x0000000108b94c94 [0x0000000108b94b80+0x114]
j  org.springframework.beans.factory.support.DefaultListableBeanFactory.preInstantiateSingletons()V+233
j  org.springframework.context.support.AbstractApplicationContext.finishBeanFactoryInitialization(Lorg/springframework/beans/factory/config/ConfigurableListableBeanFactory;)V+103
j  org.springframework.context.support.AbstractApplicationContext.refresh()V+54
j  org.mule.config.spring.SpringRegistry.doInitialise()V+14
j  org.mule.registry.AbstractRegistry.initialise()V+26
j  org.mule.config.spring.SpringXmlConfigurationBuilder.createSpringRegistry(Lorg/mule/api/MuleContext;Lorg/springframework/context/ApplicationContext;)V+91
j  org.mule.config.spring.SpringXmlConfigurationBuilder.doConfigure(Lorg/mule/api/MuleContext;)V+45
j  org.mule.config.builders.AbstractConfigurationBuilder.configure(Lorg/mule/api/MuleContext;)V+2
j  org.mule.config.builders.AbstractResourceConfigurationBuilder.configure(Lorg/mule/api/MuleContext;)V+22
j  org.mule.config.builders.AutoConfigurationBuilder.autoConfigure(Lorg/mule/api/MuleContext;[Lorg/mule/config/ConfigResource;)V+336
j  org.mule.config.builders.AutoConfigurationBuilder.doConfigure(Lorg/mule/api/MuleContext;)V+6
j  org.mule.config.builders.AbstractConfigurationBuilder.configure(Lorg/mule/api/MuleContext;)V+2
j  org.mule.config.builders.AbstractResourceConfigurationBuilder.configure(Lorg/mule/api/MuleContext;)V+22
j  org.mule.context.DefaultMuleContextFactory$1.configure(Lorg/mule/api/MuleContext;)V+31
j  org.mule.context.DefaultMuleContextFactory.doCreateMuleContext(Lorg/mule/api/context/MuleContextBuilder;Lorg/mule/context/DefaultMuleContextFactory$ContextConfigurator;)Lorg/mule/api/MuleContext;+24
j  org.mule.context.DefaultMuleContextFactory.createMuleContext(Ljava/util/List;Lorg/mule/api/context/MuleContextBuilder;)Lorg/mule/api/MuleContext;+11
j  org.mule.module.launcher.application.DefaultMuleApplication.init()V+161
j  org.mule.module.launcher.artifact.ArtifactWrapper$2.execute()V+7
j  org.mule.module.launcher.artifact.ArtifactWrapper.executeWithinArtifactClassLoader(Lorg/mule/module/launcher/artifact/ArtifactWrapper$ArtifactAction;)V+36
j  org.mule.module.launcher.artifact.ArtifactWrapper.init()V+9
j  org.mule.module.launcher.DefaultArtifactDeployer.deploy(Lorg/mule/module/launcher/artifact/Artifact;)V+7
j  org.mule.module.launcher.DefaultArchiveDeployer.redeploy(Lorg/mule/module/launcher/artifact/Artifact;)V+120
J 12189 C1 org.mule.module.launcher.DeploymentDirectoryWatcher.redeployModifiedArtifacts(Ljava/util/Collection;Lorg/mule/module/launcher/DeploymentDirectoryWatcher$ArtifactTimestampListener;Lorg/mule/module/launcher/ArchiveDeployer;)V (79 bytes) @ 0x0000000108f1c3d4 [0x0000000108f1bc00+0x7d4]
J 12182 C1 org.mule.module.launcher.DeploymentDirectoryWatcher.run()V (323 bytes) @ 0x000000010a6a459c [0x000000010a6a2520+0x207c]
J 6114 C1 java.util.concurrent.Executors$RunnableAdapter.call()Ljava/lang/Object; (14 bytes) @ 0x000000010982ec14 [0x000000010982eb00+0x114]
J 6113 C1 java.util.concurrent.FutureTask.runAndReset()Z (128 bytes) @ 0x0000000109831d2c [0x0000000109831ac0+0x26c]
J 6110 C1 java.util.concurrent.ScheduledThreadPoolExecutor$ScheduledFutureTask.run()V (59 bytes) @ 0x000000010982dc94 [0x000000010982d760+0x534]
j  java.util.concurrent.ThreadPoolExecutor.runWorker(Ljava/util/concurrent/ThreadPoolExecutor$Worker;)V+95
j  java.util.concurrent.ThreadPoolExecutor$Worker.run()V+5
j  java.lang.Thread.run()V+11
v  ~StubRoutines::call_stub
V  [libjvm.dylib+0x2ecf8a]
V  [libjvm.dylib+0x2ed718]
V  [libjvm.dylib+0x2ed8c4]
V  [libjvm.dylib+0x348039]
V  [libjvm.dylib+0x56a27b]
V  [libjvm.dylib+0x56b968]
V  [libjvm.dylib+0x489b0a]
C  [libsystem_pthread.dylib+0x39af]  _pthread_body+0xb4
C  [libsystem_pthread.dylib+0x38fb]  _pthread_body+0x0
C  [libsystem_pthread.dylib+0x3101]  thread_start+0xd
C  0x0000000000000000

Java frames: (J=compiled Java code, j=interpreted, Vv=VM code)
J 106  java.util.zip.ZipFile.getEntry(J[BZ)J (0 bytes) @ 0x00000001088dbcd8 [0x00000001088dbc80+0x58]
J 3029 C2 java.util.zip.ZipFile.getEntry(Ljava/lang/String;)Ljava/util/zip/ZipEntry; (86 bytes) @ 0x00000001092a8220 [0x00000001092a7ec0+0x360]
J 1025 C2 sun.misc.URLClassPath.getResource(Ljava/lang/String;Z)Lsun/misc/Resource; (83 bytes) @ 0x0000000108b5b9e0 [0x0000000108b5b7e0+0x200]
J 4912 C2 java.net.URLClassLoader$1.run()Ljava/lang/Object; (5 bytes) @ 0x0000000108fac46c [0x0000000108fabf60+0x50c]
v  ~StubRoutines::call_stub
J 403  java.security.AccessController.doPrivileged(Ljava/security/PrivilegedExceptionAction;Ljava/security/AccessControlContext;)Ljava/lang/Object; (0 bytes) @ 0x0000000108994e63 [0x0000000108994e00+0x63]
J 5450 C2 org.mule.module.launcher.FineGrainedControlClassLoader.findClass(Ljava/lang/String;)Ljava/lang/Class; (37 bytes) @ 0x00000001093684b0 [0x00000001093681c0+0x2f0]
J 3061 C2 org.mule.module.launcher.FineGrainedControlClassLoader.loadClass(Ljava/lang/String;Z)Ljava/lang/Class; (85 bytes) @ 0x00000001092d2cf0 [0x00000001092d1d60+0xf90]
J 2207 C2 java.lang.ClassLoader.loadClass(Ljava/lang/String;)Ljava/lang/Class; (7 bytes) @ 0x0000000108f9de60 [0x0000000108f9de20+0x40]
v  ~StubRoutines::call_stub
j  com.modus.mule.modules.as2.adapters.AS2ConnectorProcessAdapter.checkMuleLicense()V+2
j  com.modus.mule.modules.as2.adapters.AS2ConnectorProcessAdapter.initialise()V+5
v  ~StubRoutines::call_stub
J 3262  sun.reflect.NativeMethodAccessorImpl.invoke0(Ljava/lang/reflect/Method;Ljava/lang/Object;[Ljava/lang/Object;)Ljava/lang/Object; (0 bytes) @ 0x0000000108935c37 [0x0000000108935bc0+0x77]
J 3261 C1 sun.reflect.NativeMethodAccessorImpl.invoke(Ljava/lang/Object;[Ljava/lang/Object;)Ljava/lang/Object; (104 bytes) @ 0x0000000109354c14 [0x0000000109353a40+0x11d4]
J 3490 C2 java.lang.reflect.Method.invoke(Ljava/lang/Object;[Ljava/lang/Object;)Ljava/lang/Object; (62 bytes) @ 0x00000001094866a8 [0x0000000109486600+0xa8]
j  org.springframework.beans.factory.support.AbstractAutowireCapableBeanFactory.invokeCustomInitMethod(Ljava/lang/String;Ljava/lang/Object;Lorg/springframework/beans/factory/support/RootBeanDefinition;)V+287
J 6716 C1 org.springframework.beans.factory.support.AbstractAutowireCapableBeanFactory.invokeInitMethods(Ljava/lang/String;Ljava/lang/Object;Lorg/springframework/beans/factory/support/RootBeanDefinition;)V (162 bytes) @ 0x0000000109a734e4 [0x0000000109a722c0+0x1224]
J 3698 C1 org.springframework.beans.factory.support.AbstractAutowireCapableBeanFactory.initializeBean(Ljava/lang/String;Ljava/lang/Object;Lorg/springframework/beans/factory/support/RootBeanDefinition;)Ljava/lang/Object; (118 bytes) @ 0x00000001095753bc [0x0000000109574da0+0x61c]
J 4995 C1 org.springframework.beans.factory.support.AbstractAutowireCapableBeanFactory.doCreateBean(Ljava/lang/String;Lorg/springframework/beans/factory/support/RootBeanDefinition;[Ljava/lang/Object;)Ljava/lang/Object; (512 bytes) @ 0x0000000108b4e304 [0x0000000108b4c740+0x1bc4]
J 4994 C1 org.springframework.beans.factory.support.AbstractAutowireCapableBeanFactory.createBean(Ljava/lang/String;Lorg/springframework/beans/factory/support/RootBeanDefinition;[Ljava/lang/Object;)Ljava/lang/Object; (177 bytes) @ 0x000000010913dcac [0x000000010913d100+0xbac]
J 10083 C2 org.springframework.beans.factory.support.AbstractBeanFactory.doGetBean(Ljava/lang/String;Ljava/lang/Class;[Ljava/lang/Object;Z)Ljava/lang/Object; (732 bytes) @ 0x0000000108da3a84 [0x0000000108da2a80+0x1004]
J 4981 C1 org.springframework.beans.factory.support.AbstractBeanFactory.getBean(Ljava/lang/String;)Ljava/lang/Object; (9 bytes) @ 0x0000000108b94c94 [0x0000000108b94b80+0x114]
j  org.springframework.beans.factory.support.DefaultListableBeanFactory.preInstantiateSingletons()V+233
j  org.springframework.context.support.AbstractApplicationContext.finishBeanFactoryInitialization(Lorg/springframework/beans/factory/config/ConfigurableListableBeanFactory;)V+103
j  org.springframework.context.support.AbstractApplicationContext.refresh()V+54
j  org.mule.config.spring.SpringRegistry.doInitialise()V+14
j  org.mule.registry.AbstractRegistry.initialise()V+26
j  org.mule.config.spring.SpringXmlConfigurationBuilder.createSpringRegistry(Lorg/mule/api/MuleContext;Lorg/springframework/context/ApplicationContext;)V+91
j  org.mule.config.spring.SpringXmlConfigurationBuilder.doConfigure(Lorg/mule/api/MuleContext;)V+45
j  org.mule.config.builders.AbstractConfigurationBuilder.configure(Lorg/mule/api/MuleContext;)V+2
j  org.mule.config.builders.AbstractResourceConfigurationBuilder.configure(Lorg/mule/api/MuleContext;)V+22
j  org.mule.config.builders.AutoConfigurationBuilder.autoConfigure(Lorg/mule/api/MuleContext;[Lorg/mule/config/ConfigResource;)V+336
j  org.mule.config.builders.AutoConfigurationBuilder.doConfigure(Lorg/mule/api/MuleContext;)V+6
j  org.mule.config.builders.AbstractConfigurationBuilder.configure(Lorg/mule/api/MuleContext;)V+2
j  org.mule.config.builders.AbstractResourceConfigurationBuilder.configure(Lorg/mule/api/MuleContext;)V+22
j  org.mule.context.DefaultMuleContextFactory$1.configure(Lorg/mule/api/MuleContext;)V+31
j  org.mule.context.DefaultMuleContextFactory.doCreateMuleContext(Lorg/mule/api/context/MuleContextBuilder;Lorg/mule/context/DefaultMuleContextFactory$ContextConfigurator;)Lorg/mule/api/MuleContext;+24
j  org.mule.context.DefaultMuleContextFactory.createMuleContext(Ljava/util/List;Lorg/mule/api/context/MuleContextBuilder;)Lorg/mule/api/MuleContext;+11
j  org.mule.module.launcher.application.DefaultMuleApplication.init()V+161
j  org.mule.module.launcher.artifact.ArtifactWrapper$2.execute()V+7
j  org.mule.module.launcher.artifact.ArtifactWrapper.executeWithinArtifactClassLoader(Lorg/mule/module/launcher/artifact/ArtifactWrapper$ArtifactAction;)V+36
j  org.mule.module.launcher.artifact.ArtifactWrapper.init()V+9
j  org.mule.module.launcher.DefaultArtifactDeployer.deploy(Lorg/mule/module/launcher/artifact/Artifact;)V+7
j  org.mule.module.launcher.DefaultArchiveDeployer.redeploy(Lorg/mule/module/launcher/artifact/Artifact;)V+120
J 12189 C1 org.mule.module.launcher.DeploymentDirectoryWatcher.redeployModifiedArtifacts(Ljava/util/Collection;Lorg/mule/module/launcher/DeploymentDirectoryWatcher$ArtifactTimestampListener;Lorg/mule/module/launcher/ArchiveDeployer;)V (79 bytes) @ 0x0000000108f1c3d4 [0x0000000108f1bc00+0x7d4]
J 12182 C1 org.mule.module.launcher.DeploymentDirectoryWatcher.run()V (323 bytes) @ 0x000000010a6a459c [0x000000010a6a2520+0x207c]
J 6114 C1 java.util.concurrent.Executors$RunnableAdapter.call()Ljava/lang/Object; (14 bytes) @ 0x000000010982ec14 [0x000000010982eb00+0x114]
J 6113 C1 java.util.concurrent.FutureTask.runAndReset()Z (128 bytes) @ 0x0000000109831d2c [0x0000000109831ac0+0x26c]
J 6110 C1 java.util.concurrent.ScheduledThreadPoolExecutor$ScheduledFutureTask.run()V (59 bytes) @ 0x000000010982dc94 [0x000000010982d760+0x534]
j  java.util.concurrent.ThreadPoolExecutor.runWorker(Ljava/util/concurrent/ThreadPoolExecutor$Worker;)V+95
j  java.util.concurrent.ThreadPoolExecutor$Worker.run()V+5
j  java.lang.Thread.run()V+11
v  ~StubRoutines::call_stub

---------------  P R O C E S S  ---------------

Java Threads: ( => current thread )
  0x00007fd4cb13c800 JavaThread "Thread-144" daemon [_thread_blocked, id=27931, stack(0x0000700009d07000,0x0000700009e07000)]
  0x00007fd4cf716800 JavaThread "[as2-x12-over-http].Mule.01" [_thread_blocked, id=56339, stack(0x00007000088cb000,0x00007000089cb000)]
  0x00007fd4c9a73000 JavaThread "Log4j2-AsyncLoggerConfig-15" daemon [_thread_blocked, id=43543, stack(0x00007000087c8000,0x00007000088c8000)]
  0x00007fd4d00ca800 JavaThread "Log4j2-AsyncLoggerConfig-14" daemon [_thread_blocked, id=56087, stack(0x00007000085c2000,0x00007000086c2000)]
  0x00007fd4cbfce800 JavaThread "I/O dispatcher 17" [_thread_in_native, id=75011, stack(0x000070000deca000,0x000070000dfca000)]
  0x00007fd4cb30c000 JavaThread "I/O dispatcher 16" [_thread_in_native, id=74499, stack(0x000070000ddc7000,0x000070000dec7000)]
  0x00007fd4cb30b000 JavaThread "I/O dispatcher 15" [_thread_in_native, id=73987, stack(0x000070000dcc4000,0x000070000ddc4000)]
  0x00007fd4cb30a800 JavaThread "I/O dispatcher 11" [_thread_in_native, id=73475, stack(0x000070000dbc1000,0x000070000dcc1000)]
  0x00007fd4cb331800 JavaThread "I/O dispatcher 9" [_thread_in_native, id=72963, stack(0x000070000dabe000,0x000070000dbbe000)]
  0x00007fd4c9aee800 JavaThread "I/O dispatcher 7" [_thread_in_native, id=72451, stack(0x000070000d9bb000,0x000070000dabb000)]
  0x00007fd4ccb20000 JavaThread "I/O dispatcher 5" [_thread_in_native, id=71939, stack(0x000070000d8b8000,0x000070000d9b8000)]
  0x00007fd4d1bad000 JavaThread "I/O dispatcher 14" [_thread_in_native, id=71427, stack(0x000070000d7b5000,0x000070000d8b5000)]
  0x00007fd4c9e18800 JavaThread "I/O dispatcher 3" [_thread_in_native, id=70915, stack(0x000070000d6b2000,0x000070000d7b2000)]
  0x00007fd4cb330800 JavaThread "I/O dispatcher 13" [_thread_in_native, id=70403, stack(0x000070000d5af000,0x000070000d6af000)]
  0x00007fd4cb330000 JavaThread "I/O dispatcher 12" [_thread_in_native, id=69891, stack(0x000070000d4ac000,0x000070000d5ac000)]
  0x00007fd4cb3e8000 JavaThread "I/O dispatcher 10" [_thread_in_native, id=69379, stack(0x000070000d3a9000,0x000070000d4a9000)]
  0x00007fd4cbfcd800 JavaThread "I/O dispatcher 8" [_thread_in_native, id=68867, stack(0x000070000d2a6000,0x000070000d3a6000)]
  0x00007fd4d1c09800 JavaThread "I/O dispatcher 6" [_thread_in_native, id=68355, stack(0x000070000d1a3000,0x000070000d2a3000)]
  0x00007fd4cac34000 JavaThread "I/O dispatcher 4" [_thread_in_native, id=67847, stack(0x000070000d0a0000,0x000070000d1a0000)]
  0x00007fd4cac4f800 JavaThread "I/O dispatcher 2" [_thread_in_native, id=17683, stack(0x000070000cf9d000,0x000070000d09d000)]
  0x00007fd4cb3e7800 JavaThread "pool-109-thread-1" [_thread_in_native, id=66311, stack(0x000070000ce9a000,0x000070000cf9a000)]
  0x00007fd4ccb1f800 JavaThread "pool-108-thread-1" [_thread_in_native, id=66827, stack(0x000070000cd97000,0x000070000ce97000)]
  0x00007fd4ceb13800 JavaThread "Thread-86" daemon [_thread_blocked, id=54031, stack(0x00007000086c5000,0x00007000087c5000)]
  0x00007fd4d0eec800 JavaThread "Log4j2-AsyncLoggerConfig-13" daemon [_thread_blocked, id=53779, stack(0x0000700007ead000,0x0000700007fad000)]
  0x00007fd4d12d5000 JavaThread "Log4j2-AsyncLoggerConfig-12" daemon [_thread_blocked, id=27411, stack(0x00007000080b3000,0x00007000081b3000)]
  0x00007fd4ca876800 JavaThread "Thread-82" daemon [_thread_blocked, id=27155, stack(0x00007000084bf000,0x00007000085bf000)]
  0x00007fd4cf7f6800 JavaThread "Log4j2-AsyncLoggerConfig-10" daemon [_thread_blocked, id=31511, stack(0x00007000082b9000,0x00007000083b9000)]
  0x00007fd4ca1cb800 JavaThread "Thread-78" daemon [_thread_blocked, id=31763, stack(0x00007000083bc000,0x00007000084bc000)]
  0x00007fd4cade5800 JavaThread "Log4j2-AsyncLoggerConfig-8" daemon [_thread_blocked, id=29455, stack(0x0000700007daa000,0x0000700007eaa000)]
  0x00007fd4d11e9000 JavaThread "I/O dispatcher 17" [_thread_in_native, id=63235, stack(0x000070000c785000,0x000070000c885000)]
  0x00007fd4d169c800 JavaThread "I/O dispatcher 16" [_thread_in_native, id=62723, stack(0x000070000c682000,0x000070000c782000)]
  0x00007fd4cb33d800 JavaThread "I/O dispatcher 15" [_thread_in_native, id=62211, stack(0x000070000c57f000,0x000070000c67f000)]
  0x00007fd4d0bfe800 JavaThread "I/O dispatcher 14" [_thread_in_native, id=61699, stack(0x000070000c47c000,0x000070000c57c000)]
  0x00007fd4c9d7a000 JavaThread "I/O dispatcher 13" [_thread_in_native, id=61187, stack(0x000070000c379000,0x000070000c479000)]
  0x00007fd4d0c3b000 JavaThread "I/O dispatcher 12" [_thread_in_native, id=60675, stack(0x000070000c276000,0x000070000c376000)]
  0x00007fd4c9ea6800 JavaThread "I/O dispatcher 11" [_thread_in_native, id=60163, stack(0x000070000c173000,0x000070000c273000)]
  0x00007fd4d0e99800 JavaThread "I/O dispatcher 10" [_thread_in_native, id=59651, stack(0x000070000c070000,0x000070000c170000)]
  0x00007fd4cc96d800 JavaThread "I/O dispatcher 9" [_thread_in_native, id=59139, stack(0x000070000bf6d000,0x000070000c06d000)]
  0x00007fd4cd97c800 JavaThread "I/O dispatcher 8" [_thread_in_native, id=58627, stack(0x000070000be6a000,0x000070000bf6a000)]
  0x00007fd4cd97c000 JavaThread "I/O dispatcher 7" [_thread_in_native, id=58115, stack(0x000070000bd67000,0x000070000be67000)]
  0x00007fd4cc96d000 JavaThread "I/O dispatcher 6" [_thread_in_native, id=57607, stack(0x000070000bc64000,0x000070000bd64000)]
  0x00007fd4cc98c000 JavaThread "I/O dispatcher 5" [_thread_in_native, id=55559, stack(0x000070000bb61000,0x000070000bc61000)]
  0x00007fd4d0636000 JavaThread "I/O dispatcher 4" [_thread_in_native, id=57095, stack(0x000070000ba5e000,0x000070000bb5e000)]
  0x00007fd4cf5b3800 JavaThread "I/O dispatcher 3" [_thread_in_native, id=29967, stack(0x000070000b95b000,0x000070000ba5b000)]
  0x00007fd4cb8f0800 JavaThread "I/O dispatcher 2" [_thread_in_native, id=56843, stack(0x000070000b858000,0x000070000b958000)]
  0x00007fd4cdb25000 JavaThread "pool-66-thread-1" [_thread_in_native, id=56587, stack(0x000070000b755000,0x000070000b855000)]
  0x00007fd4d169b800 JavaThread "pool-67-thread-1" [_thread_in_native, id=25355, stack(0x000070000b652000,0x000070000b752000)]
  0x00007fd4caf23000 JavaThread "Thread-51" daemon [_thread_blocked, id=28427, stack(0x00007000081b6000,0x00007000082b6000)]
  0x00007fd4ca85b000 JavaThread "Log4j2-AsyncLoggerConfig-6" daemon [_thread_blocked, id=5135, stack(0x0000700007aa1000,0x0000700007ba1000)]
  0x00007fd4cdcb9800 JavaThread "I/O dispatcher 16" [_thread_in_native, id=52995, stack(0x000070000b349000,0x000070000b449000)]
  0x00007fd4cdcb8800 JavaThread "I/O dispatcher 17" [_thread_in_native, id=52483, stack(0x000070000b246000,0x000070000b346000)]
  0x00007fd4ca185000 JavaThread "I/O dispatcher 14" [_thread_in_native, id=51971, stack(0x000070000b143000,0x000070000b243000)]
  0x00007fd4cc8f8000 JavaThread "I/O dispatcher 15" [_thread_in_native, id=51459, stack(0x000070000b040000,0x000070000b140000)]
  0x00007fd4cb179000 JavaThread "I/O dispatcher 11" [_thread_in_native, id=50947, stack(0x000070000af3d000,0x000070000b03d000)]
  0x00007fd4cdb97000 JavaThread "I/O dispatcher 13" [_thread_in_native, id=50435, stack(0x000070000ae3a000,0x000070000af3a000)]
  0x00007fd4ca203800 JavaThread "I/O dispatcher 9" [_thread_in_native, id=49923, stack(0x000070000ad37000,0x000070000ae37000)]
  0x00007fd4cdb96000 JavaThread "I/O dispatcher 12" [_thread_in_native, id=49411, stack(0x000070000ac34000,0x000070000ad34000)]
  0x00007fd4cb2be000 JavaThread "I/O dispatcher 7" [_thread_in_native, id=48899, stack(0x000070000ab31000,0x000070000ac31000)]
  0x00007fd4cc8f7000 JavaThread "I/O dispatcher 10" [_thread_in_native, id=48387, stack(0x000070000aa2e000,0x000070000ab2e000)]
  0x00007fd4ca203000 JavaThread "I/O dispatcher 5" [_thread_in_native, id=47875, stack(0x000070000a92b000,0x000070000aa2b000)]
  0x00007fd4ce15d800 JavaThread "I/O dispatcher 8" [_thread_in_native, id=47363, stack(0x000070000a828000,0x000070000a928000)]
  0x00007fd4cb2bd000 JavaThread "I/O dispatcher 3" [_thread_in_native, id=46855, stack(0x000070000a725000,0x000070000a825000)]
  0x00007fd4cb134800 JavaThread "I/O dispatcher 6" [_thread_in_native, id=43783, stack(0x000070000a622000,0x000070000a722000)]
  0x00007fd4ca2f3000 JavaThread "I/O dispatcher 2" [_thread_in_native, id=45319, stack(0x000070000a51f000,0x000070000a61f000)]
  0x00007fd4ca2f2800 JavaThread "I/O dispatcher 4" [_thread_in_native, id=45835, stack(0x000070000a41c000,0x000070000a51c000)]
  0x00007fd4cad8e800 JavaThread "pool-45-thread-1" [_thread_in_native, id=44807, stack(0x000070000a319000,0x000070000a419000)]
  0x00007fd4caf50000 JavaThread "pool-44-thread-1" [_thread_in_native, id=46343, stack(0x000070000a113000,0x000070000a213000)]
  0x00007fd4d06e3800 JavaThread "Thread-30" daemon [_thread_blocked, id=28935, stack(0x0000700007fb0000,0x00007000080b0000)]
  0x00007fd4d0093800 JavaThread "Log4j2-AsyncLoggerConfig-4" daemon [_thread_blocked, id=30471, stack(0x0000700007ba4000,0x0000700007ca4000)]
  0x00007fd4d035b800 JavaThread "logger.context.reaper" [_thread_blocked, id=25607, stack(0x000070000604d000,0x000070000614d000)]
  0x00007fd4cd6b8800 JavaThread "MultiThreadedHttpConnectionManager cleanup" daemon [_thread_in_native, id=44291, stack(0x000070000a216000,0x000070000a316000)]
  0x00007fd4cb197000 JavaThread "DestroyJavaVM" [_thread_blocked, id=6915, stack(0x0000700006153000,0x0000700006253000)]
=>0x00007fd4cd8c4800 JavaThread "Mule.app.deployer.monitor.1.thread.1" [_thread_in_native, id=41219, stack(0x0000700009c04000,0x0000700009d04000)]
  0x00007fd4d1b5d000 JavaThread "I/O dispatcher 17" [_thread_in_native, id=40707, stack(0x0000700009b01000,0x0000700009c01000)]
  0x00007fd4d1b5c000 JavaThread "I/O dispatcher 16" [_thread_in_native, id=40195, stack(0x00007000099fe000,0x0000700009afe000)]
  0x00007fd4cae32000 JavaThread "I/O dispatcher 15" [_thread_in_native, id=39683, stack(0x00007000098fb000,0x00007000099fb000)]
  0x00007fd4cae31800 JavaThread "I/O dispatcher 14" [_thread_in_native, id=39171, stack(0x00007000097f8000,0x00007000098f8000)]
  0x00007fd4cacd2000 JavaThread "I/O dispatcher 13" [_thread_in_native, id=38659, stack(0x00007000096f5000,0x00007000097f5000)]
  0x00007fd4cacd1000 JavaThread "I/O dispatcher 12" [_thread_in_native, id=38147, stack(0x00007000095f2000,0x00007000096f2000)]
  0x00007fd4caca6000 JavaThread "I/O dispatcher 11" [_thread_in_native, id=37635, stack(0x00007000094ef000,0x00007000095ef000)]
  0x00007fd4caca5000 JavaThread "I/O dispatcher 10" [_thread_in_native, id=37123, stack(0x00007000093ec000,0x00007000094ec000)]
  0x00007fd4d0bdf000 JavaThread "I/O dispatcher 9" [_thread_in_native, id=36611, stack(0x00007000092e9000,0x00007000093e9000)]
  0x00007fd4d0295000 JavaThread "I/O dispatcher 8" [_thread_in_native, id=36099, stack(0x00007000091e6000,0x00007000092e6000)]
  0x00007fd4d19f0800 JavaThread "I/O dispatcher 7" [_thread_in_native, id=35587, stack(0x00007000090e3000,0x00007000091e3000)]
  0x00007fd4cc93e800 JavaThread "I/O dispatcher 6" [_thread_in_native, id=35075, stack(0x0000700008fe0000,0x00007000090e0000)]
  0x00007fd4d19ef800 JavaThread "I/O dispatcher 5" [_thread_in_native, id=34563, stack(0x0000700008edd000,0x0000700008fdd000)]
  0x00007fd4cc93e000 JavaThread "I/O dispatcher 4" [_thread_in_native, id=34051, stack(0x0000700008dda000,0x0000700008eda000)]
  0x00007fd4cc91c800 JavaThread "I/O dispatcher 3" [_thread_in_native, id=33539, stack(0x0000700008cd7000,0x0000700008dd7000)]
  0x00007fd4cb195800 JavaThread "I/O dispatcher 2" [_thread_in_native, id=33027, stack(0x0000700008bd4000,0x0000700008cd4000)]
  0x00007fd4cdc8f000 JavaThread "pool-22-thread-1" [_thread_in_native, id=32515, stack(0x0000700008ad1000,0x0000700008bd1000)]
  0x00007fd4cad4e800 JavaThread "pool-23-thread-1" [_thread_in_native, id=32003, stack(0x00007000089ce000,0x0000700008ace000)]
  0x00007fd4cefd5000 JavaThread "Thread-4" daemon [_thread_blocked, id=26115, stack(0x0000700007ca7000,0x0000700007da7000)]
  0x00007fd4cb01e800 JavaThread "Log4j2-AsyncLoggerConfig-2" daemon [_thread_blocked, id=24579, stack(0x000070000799e000,0x0000700007a9e000)]
  0x00007fd4cacc1800 JavaThread "agw-policy-watcher" [_thread_blocked, id=24067, stack(0x000070000789b000,0x000070000799b000)]
  0x00007fd4cd7f0000 JavaThread "MapDB writer #2" daemon [_thread_blocked, id=23555, stack(0x0000700007798000,0x0000700007898000)]
  0x00007fd4ce1e0800 JavaThread "MapDB writer #1" daemon [_thread_blocked, id=23043, stack(0x0000700007695000,0x0000700007795000)]
  0x00007fd4cbff6800 JavaThread "Log4j2-AsyncLoggerConfig-1" daemon [_thread_blocked, id=22531, stack(0x0000700007592000,0x0000700007692000)]
  0x00007fd4c9868800 JavaThread "Service Thread" daemon [_thread_blocked, id=21507, stack(0x000070000738c000,0x000070000748c000)]
  0x00007fd4cd05b000 JavaThread "C1 CompilerThread3" daemon [_thread_blocked, id=20995, stack(0x0000700007289000,0x0000700007389000)]
  0x00007fd4ca808000 JavaThread "C2 CompilerThread2" daemon [_thread_blocked, id=20483, stack(0x0000700007186000,0x0000700007286000)]
  0x00007fd4cd05a800 JavaThread "C2 CompilerThread1" daemon [_thread_blocked, id=19971, stack(0x0000700007083000,0x0000700007183000)]
  0x00007fd4cb82c800 JavaThread "C2 CompilerThread0" daemon [_thread_blocked, id=19459, stack(0x0000700006f80000,0x0000700007080000)]
  0x00007fd4c9800800 JavaThread "Signal Dispatcher" daemon [_thread_blocked, id=18947, stack(0x0000700006e7d000,0x0000700006f7d000)]
  0x00007fd4cb80f800 JavaThread "Finalizer" daemon [_thread_blocked, id=14339, stack(0x0000700006c74000,0x0000700006d74000)]
  0x00007fd4cb80c800 JavaThread "Reference Handler" daemon [_thread_blocked, id=13827, stack(0x0000700006b71000,0x0000700006c71000)]

Other Threads:
  0x00007fd4cb808000 VMThread [stack: 0x0000700006a6e000,0x0000700006b6e000] [id=13315]
  0x00007fd4ca033000 WatcherThread [stack: 0x000070000748f000,0x000070000758f000] [id=22019]

VM state:not at safepoint (normal execution)

VM Mutex/Monitor currently owned by a thread: None

Heap:
 PSYoungGen      total 1286144K, used 259822K [0x000000076ab00000, 0x00000007be200000, 0x00000007c0000000)
  eden space 1211392K, 19% used [0x000000076ab00000,0x0000000778d59450,0x00000007b4a00000)
  from space 74752K, 37% used [0x00000007b9900000,0x00000007bb462778,0x00000007be200000)
  to   space 77824K, 0% used [0x00000007b4a00000,0x00000007b4a00000,0x00000007b9600000)
 ParOldGen       total 431616K, used 123268K [0x00000006c0000000, 0x00000006da580000, 0x000000076ab00000)
  object space 431616K, 28% used [0x00000006c0000000,0x00000006c7861370,0x00000006da580000)
 Metaspace       used 103342K, capacity 104383K, committed 104872K, reserved 1138688K
  class space    used 15209K, capacity 15499K, committed 15536K, reserved 1048576K

Card table byte_map: [0x00000001177a1000,0x0000000117fa2000] byte_map_base: 0x00000001141a1000

Marking Bits: (ParMarkBitMap*) 0x00000001080efd20
 Begin Bits: [0x00000001184f8000, 0x000000011c4f8000)
 End Bits:   [0x000000011c4f8000, 0x00000001204f8000)

Polling page: 0x0000000105f5f000

CodeCache: size=245760Kb used=32609Kb max_used=32622Kb free=213150Kb
 bounds [0x00000001087a1000, 0x000000010a7c1000, 0x00000001177a1000]
 total_blobs=10535 nmethods=9953 adapters=494
 compilation: enabled

Compilation events (10 events):
Event: 2078.627 Thread 0x00007fd4cd05b000 12429       3       com.fasterxml.jackson.databind.DeserializationFeature::getMask (7 bytes)
Event: 2078.627 Thread 0x00007fd4cd05b000 nmethod 12429 0x000000010a7a8410 code [0x000000010a7a8580, 0x000000010a7a8770]
Event: 2078.642 Thread 0x00007fd4cd05a800 12430       4       java.lang.Throwable::<init> (34 bytes)
Event: 2078.643 Thread 0x00007fd4cd05a800 nmethod 12430 0x000000010a7a8150 code [0x000000010a7a82a0, 0x000000010a7a8378]
Event: 2078.643 Thread 0x00007fd4cb82c800 12431       4       java.text.DateFormatSymbols::getProviderInstance (37 bytes)
Event: 2078.645 Thread 0x00007fd4ca808000 12432       4       java.util.GregorianCalendar::pinDayOfMonth (64 bytes)
Event: 2078.647 Thread 0x00007fd4ca808000 nmethod 12432 0x000000010a7a3390 code [0x000000010a7a3500, 0x000000010a7a36f8]
Event: 2078.648 Thread 0x00007fd4cd05b000 12433       3       java.util.concurrent.locks.AbstractQueuedSynchronizer$ConditionObject::awaitNanos (156 bytes)
Event: 2078.650 Thread 0x00007fd4cd05b000 nmethod 12433 0x000000010a7a4350 code [0x000000010a7a4660, 0x000000010a7a5d38]
Event: 2078.653 Thread 0x00007fd4cb82c800 nmethod 12431 0x000000010a7b41d0 code [0x000000010a7b43e0, 0x000000010a7b4bd0]

GC Heap History (10 events):
Event: 267.175 GC heap before
{Heap before GC invocations=18 (full 3):
 PSYoungGen      total 955392K, used 955381K [0x000000076ab00000, 0x00000007a9500000, 0x00000007c0000000)
  eden space 915456K, 100% used [0x000000076ab00000,0x00000007a2900000,0x00000007a2900000)
  from space 39936K, 99% used [0x00000007a6e00000,0x00000007a94fd7c0,0x00000007a9500000)
  to   space 48128K, 0% used [0x00000007a3700000,0x00000007a3700000,0x00000007a6600000)
 ParOldGen       total 275456K, used 63219K [0x00000006c0000000, 0x00000006d0d00000, 0x000000076ab00000)
  object space 275456K, 22% used [0x00000006c0000000,0x00000006c3dbcdf0,0x00000006d0d00000)
 Metaspace       used 82149K, capacity 82811K, committed 83376K, reserved 1120256K
  class space    used 11913K, capacity 12141K, committed 12208K, reserved 1048576K
Event: 267.213 GC heap after
Heap after GC invocations=18 (full 3):
 PSYoungGen      total 977920K, used 48112K [0x000000076ab00000, 0x00000007b5d80000, 0x00000007c0000000)
  eden space 929792K, 0% used [0x000000076ab00000,0x000000076ab00000,0x00000007a3700000)
  from space 48128K, 99% used [0x00000007a3700000,0x00000007a65fc398,0x00000007a6600000)
  to   space 56320K, 0% used [0x00000007b2680000,0x00000007b2680000,0x00000007b5d80000)
 ParOldGen       total 275456K, used 67433K [0x00000006c0000000, 0x00000006d0d00000, 0x000000076ab00000)
  object space 275456K, 24% used [0x00000006c0000000,0x00000006c41da480,0x00000006d0d00000)
 Metaspace       used 82149K, capacity 82811K, committed 83376K, reserved 1120256K
  class space    used 11913K, capacity 12141K, committed 12208K, reserved 1048576K
}
Event: 546.827 GC heap before
{Heap before GC invocations=19 (full 3):
 PSYoungGen      total 977920K, used 977904K [0x000000076ab00000, 0x00000007b5d80000, 0x00000007c0000000)
  eden space 929792K, 100% used [0x000000076ab00000,0x00000007a3700000,0x00000007a3700000)
  from space 48128K, 99% used [0x00000007a3700000,0x00000007a65fc398,0x00000007a6600000)
  to   space 56320K, 0% used [0x00000007b2680000,0x00000007b2680000,0x00000007b5d80000)
 ParOldGen       total 275456K, used 67433K [0x00000006c0000000, 0x00000006d0d00000, 0x000000076ab00000)
  object space 275456K, 24% used [0x00000006c0000000,0x00000006c41da480,0x00000006d0d00000)
 Metaspace       used 88272K, capacity 89157K, committed 89648K, reserved 1126400K
  class space    used 12775K, capacity 13010K, committed 13104K, reserved 1048576K
Event: 546.862 GC heap after
Heap after GC invocations=19 (full 3):
 PSYoungGen      total 1157120K, used 56317K [0x000000076ab00000, 0x00000007b5d80000, 0x00000007c0000000)
  eden space 1100800K, 0% used [0x000000076ab00000,0x000000076ab00000,0x00000007ade00000)
  from space 56320K, 99% used [0x00000007b2680000,0x00000007b5d7f4c0,0x00000007b5d80000)
  to   space 65024K, 0% used [0x00000007ade80000,0x00000007ade80000,0x00000007b1e00000)
 ParOldGen       total 275456K, used 67804K [0x00000006c0000000, 0x00000006d0d00000, 0x000000076ab00000)
  object space 275456K, 24% used [0x00000006c0000000,0x00000006c4237248,0x00000006d0d00000)
 Metaspace       used 88272K, capacity 89157K, committed 89648K, reserved 1126400K
  class space    used 12775K, capacity 13010K, committed 13104K, reserved 1048576K
}
Event: 813.071 GC heap before
{Heap before GC invocations=20 (full 3):
 PSYoungGen      total 1157120K, used 957551K [0x000000076ab00000, 0x00000007b5d80000, 0x00000007c0000000)
  eden space 1100800K, 81% used [0x000000076ab00000,0x00000007a1b1c890,0x00000007ade00000)
  from space 56320K, 99% used [0x00000007b2680000,0x00000007b5d7f4c0,0x00000007b5d80000)
  to   space 65024K, 0% used [0x00000007ade80000,0x00000007ade80000,0x00000007b1e00000)
 ParOldGen       total 275456K, used 67804K [0x00000006c0000000, 0x00000006d0d00000, 0x000000076ab00000)
  object space 275456K, 24% used [0x00000006c0000000,0x00000006c4237248,0x00000006d0d00000)
 Metaspace       used 97201K, capacity 98187K, committed 98600K, reserved 1132544K
  class space    used 14316K, capacity 14579K, committed 14640K, reserved 1048576K
Event: 813.122 GC heap after
Heap after GC invocations=20 (full 3):
 PSYoungGen      total 1166336K, used 65005K [0x000000076ab00000, 0x00000007be880000, 0x00000007c0000000)
  eden space 1101312K, 0% used [0x000000076ab00000,0x000000076ab00000,0x00000007ade80000)
  from space 65024K, 99% used [0x00000007ade80000,0x00000007b1dfb7a8,0x00000007b1e00000)
  to   space 81408K, 0% used [0x00000007b9900000,0x00000007b9900000,0x00000007be880000)
 ParOldGen       total 275456K, used 86041K [0x00000006c0000000, 0x00000006d0d00000, 0x000000076ab00000)
  object space 275456K, 31% used [0x00000006c0000000,0x00000006c5406668,0x00000006d0d00000)
 Metaspace       used 97201K, capacity 98187K, committed 98600K, reserved 1132544K
  class space    used 14316K, capacity 14579K, committed 14640K, reserved 1048576K
}
Event: 813.122 GC heap before
{Heap before GC invocations=21 (full 4):
 PSYoungGen      total 1166336K, used 65005K [0x000000076ab00000, 0x00000007be880000, 0x00000007c0000000)
  eden space 1101312K, 0% used [0x000000076ab00000,0x000000076ab00000,0x00000007ade80000)
  from space 65024K, 99% used [0x00000007ade80000,0x00000007b1dfb7a8,0x00000007b1e00000)
  to   space 81408K, 0% used [0x00000007b9900000,0x00000007b9900000,0x00000007be880000)
 ParOldGen       total 275456K, used 86041K [0x00000006c0000000, 0x00000006d0d00000, 0x000000076ab00000)
  object space 275456K, 31% used [0x00000006c0000000,0x00000006c5406668,0x00000006d0d00000)
 Metaspace       used 97201K, capacity 98187K, committed 98600K, reserved 1132544K
  class space    used 14316K, capacity 14579K, committed 14640K, reserved 1048576K
Event: 813.507 GC heap after
Heap after GC invocations=21 (full 4):
 PSYoungGen      total 1166336K, used 0K [0x000000076ab00000, 0x00000007be880000, 0x00000007c0000000)
  eden space 1101312K, 0% used [0x000000076ab00000,0x000000076ab00000,0x00000007ade80000)
  from space 65024K, 0% used [0x00000007ade80000,0x00000007ade80000,0x00000007b1e00000)
  to   space 81408K, 0% used [0x00000007b9900000,0x00000007b9900000,0x00000007be880000)
 ParOldGen       total 431616K, used 123260K [0x00000006c0000000, 0x00000006da580000, 0x000000076ab00000)
  object space 431616K, 28% used [0x00000006c0000000,0x00000006c785f370,0x00000006da580000)
 Metaspace       used 97186K, capacity 98163K, committed 98600K, reserved 1132544K
  class space    used 14314K, capacity 14575K, committed 14640K, reserved 1048576K
}
Event: 2078.125 GC heap before
{Heap before GC invocations=22 (full 4):
 PSYoungGen      total 1166336K, used 1101312K [0x000000076ab00000, 0x00000007be880000, 0x00000007c0000000)
  eden space 1101312K, 100% used [0x000000076ab00000,0x00000007ade80000,0x00000007ade80000)
  from space 65024K, 0% used [0x00000007ade80000,0x00000007ade80000,0x00000007b1e00000)
  to   space 81408K, 0% used [0x00000007b9900000,0x00000007b9900000,0x00000007be880000)
 ParOldGen       total 431616K, used 123260K [0x00000006c0000000, 0x00000006da580000, 0x000000076ab00000)
  object space 431616K, 28% used [0x00000006c0000000,0x00000006c785f370,0x00000006da580000)
 Metaspace       used 101831K, capacity 102899K, committed 103336K, reserved 1136640K
  class space    used 14966K, capacity 15239K, committed 15280K, reserved 1048576K
Event: 2078.245 GC heap after
Heap after GC invocations=22 (full 4):
 PSYoungGen      total 1286144K, used 28041K [0x000000076ab00000, 0x00000007be200000, 0x00000007c0000000)
  eden space 1211392K, 0% used [0x000000076ab00000,0x000000076ab00000,0x00000007b4a00000)
  from space 74752K, 37% used [0x00000007b9900000,0x00000007bb462778,0x00000007be200000)
  to   space 77824K, 0% used [0x00000007b4a00000,0x00000007b4a00000,0x00000007b9600000)
 ParOldGen       total 431616K, used 123268K [0x00000006c0000000, 0x00000006da580000, 0x000000076ab00000)
  object space 431616K, 28% used [0x00000006c0000000,0x00000006c7861370,0x00000006da580000)
 Metaspace       used 101831K, capacity 102899K, committed 103336K, reserved 1136640K
  class space    used 14966K, capacity 15239K, committed 15280K, reserved 1048576K
}

Deoptimization events (10 events):
Event: 838.175 Thread 0x00007fd4ca1a0000 Uncommon trap: reason=class_check action=maybe_recompile pc=0x000000010a5ce710 method=com.mulesoft.flatfile.1.2.3.lib.schema.SchemaJavaDefs$class.getRequiredString(Lcom/mulesoft/flatfile/1/2/3/lib/schema/SchemaJavaDefs;Ljava/lang/String;Ljava/util/Map;)Lj
Event: 838.175 Thread 0x00007fd4ca1a0000 Uncommon trap: reason=class_check action=maybe_recompile pc=0x000000010a604bdc method=com.mulesoft.flatfile.1.2.3.lib.schema.SchemaJavaDefs$class.getRequiredValue(Lcom/mulesoft/flatfile/1/2/3/lib/schema/SchemaJavaDefs;Ljava/lang/String;Ljava/util/Map;)Lja
Event: 838.568 Thread 0x00007fd4c9eb3800 Uncommon trap: reason=unstable_if action=reinterpret pc=0x0000000109ddd924 method=java.lang.Integer.parseInt(Ljava/lang/String;I)I @ 197
Event: 839.075 Thread 0x00007fd4d1530800 Uncommon trap: reason=class_check action=maybe_recompile pc=0x000000010a5ce710 method=com.mulesoft.flatfile.1.2.3.lib.schema.SchemaJavaDefs$class.getRequiredString(Lcom/mulesoft/flatfile/1/2/3/lib/schema/SchemaJavaDefs;Ljava/lang/String;Ljava/util/Map;)Lj
Event: 2076.417 Thread 0x00007fd4cd8c4800 Uncommon trap: reason=unstable_if action=reinterpret pc=0x0000000108ef868c method=java.util.concurrent.locks.AbstractQueuedSynchronizer.isOnSyncQueue(Ljava/util/concurrent/locks/AbstractQueuedSynchronizer$Node;)Z @ 22
Event: 2076.422 Thread 0x00007fd4d07f3800 Uncommon trap: reason=unstable_if action=reinterpret pc=0x00000001090c7190 method=org.apache.http.shade.impl.nio.reactor.AbstractIOReactor.processClosedSessions()V @ 14
Event: 2078.248 Thread 0x00007fd4cd6b8800 Uncommon trap: reason=unstable_if action=reinterpret pc=0x0000000108d44304 method=sun.misc.URLClassPath.getNextLoader([II)Lsun/misc/URLClassPath$Loader; @ 4
Event: 2078.364 Thread 0x00007fd4cd8c4800 Uncommon trap: reason=unstable_if action=reinterpret pc=0x00000001099a8a94 method=org.apache.xerces.xni.XMLString.toString()Ljava/lang/String; @ 4
Event: 2078.364 Thread 0x00007fd4cd8c4800 Uncommon trap: reason=unstable_if action=reinterpret pc=0x0000000109962048 method=org.apache.xerces.xni.XMLString.toString()Ljava/lang/String; @ 4
Event: 2078.364 Thread 0x00007fd4cd8c4800 Uncommon trap: reason=unstable_if action=reinterpret pc=0x0000000108f0e090 method=org.apache.xerces.impl.dv.xs.XSSimpleTypeDecl.normalize(Ljava/lang/String;S)Ljava/lang/String; @ 14

Internal exceptions (10 events):
Event: 2078.652 Thread 0x00007fd4cd8c4800 Exception <a 'java/lang/ClassNotFoundException': com/modus/mule/modules/as2/adapters/AS2ConnectorCapabilitiesAdapterBeanInfo> (0x0000000776ef9498) thrown at [/Users/java_re/workspace/8-2-build-macosx-x86_64/jdk8u111/7883/hotspot/src/share/vm/classfile/sys
Event: 2078.653 Thread 0x00007fd4cd8c4800 Exception <a 'java/lang/ClassNotFoundException': com/modus/mule/modules/as2/AS2ConnectorBeanInfo> (0x0000000776f566f8) thrown at [/Users/java_re/workspace/8-2-build-macosx-x86_64/jdk8u111/7883/hotspot/src/share/vm/classfile/systemDictionary.cpp, line 210]
Event: 2078.654 Thread 0x00007fd4cd8c4800 Exception <a 'java/lang/ClassNotFoundException': com/modus/mule/modules/as2/AS2ConnectorCustomizer> (0x0000000776fb5598) thrown at [/Users/java_re/workspace/8-2-build-macosx-x86_64/jdk8u111/7883/hotspot/src/share/vm/classfile/systemDictionary.cpp, line 21
Event: 2078.655 Thread 0x00007fd4cd8c4800 Exception <a 'java/lang/ClassNotFoundException': com/modus/mule/modules/as2/adapters/AS2ConnectorCapabilitiesAdapterCustomizer> (0x0000000777047810) thrown at [/Users/java_re/workspace/8-2-build-macosx-x86_64/jdk8u111/7883/hotspot/src/share/vm/classfile/s
Event: 2078.655 Thread 0x00007fd4cd8c4800 Exception <a 'java/lang/ClassNotFoundException': com/modus/mule/modules/as2/adapters/AS2ConnectorMetadataAdapterCustomizer> (0x00000007770c88f8) thrown at [/Users/java_re/workspace/8-2-build-macosx-x86_64/jdk8u111/7883/hotspot/src/share/vm/classfile/syste
Event: 2078.657 Thread 0x00007fd4cd8c4800 Exception <a 'java/lang/ClassNotFoundException': com/modus/mule/modules/as2/adapters/AS2ConnectorLifecycleInjectionAdapterCustomizer> (0x000000077715d958) thrown at [/Users/java_re/workspace/8-2-build-macosx-x86_64/jdk8u111/7883/hotspot/src/share/vm/class
Event: 2078.657 Thread 0x00007fd4cd8c4800 Exception <a 'java/lang/ClassNotFoundException': com/modus/mule/modules/as2/adapters/AS2ConnectorProcessAdapterCustomizer> (0x00000007771e2d98) thrown at [/Users/java_re/workspace/8-2-build-macosx-x86_64/jdk8u111/7883/hotspot/src/share/vm/classfile/system
Event: 2078.658 Thread 0x00007fd4cd8c4800 Exception <a 'java/lang/ClassNotFoundException': com/modus/mule/modules/as2/adapters/AS2ConnectorConnectorConfigBasicAdapterCustomizer> (0x000000077727acb8) thrown at [/Users/java_re/workspace/8-2-build-macosx-x86_64/jdk8u111/7883/hotspot/src/share/vm/cla
Event: 2078.659 Thread 0x00007fd4cd8c4800 Exception <a 'java/lang/ClassNotFoundException': com/modus/mule/modules/as2/config/ConnectorConfigBeanInfo> (0x00000007772f95f8) thrown at [/Users/java_re/workspace/8-2-build-macosx-x86_64/jdk8u111/7883/hotspot/src/share/vm/classfile/systemDictionary.cpp,
Event: 2078.660 Thread 0x00007fd4cd8c4800 Exception <a 'java/lang/ClassNotFoundException': com/modus/mule/modules/as2/config/ConnectorConfigCustomizer> (0x00000007773678d8) thrown at [/Users/java_re/workspace/8-2-build-macosx-x86_64/jdk8u111/7883/hotspot/src/share/vm/classfile/systemDictionary.cp

Events (10 events):
Event: 2078.665 loading class com/modus/common/exception/AS2AgreementIncompatibilityException
Event: 2078.665 loading class com/modus/common/exception/AS2AgreementIncompatibilityException done
Event: 2078.666 loading class com/modus/common/exception/AS2IntegrityServiceException
Event: 2078.666 loading class com/modus/common/exception/AS2IntegrityServiceException done
Event: 2078.666 loading class com/modus/common/exception/AS2SignatureFailedSigningServiceException
Event: 2078.666 loading class com/modus/common/exception/AS2SignatureFailedSigningServiceException done
Event: 2078.667 loading class com/modus/common/exception/AS2CertNotFoundSigningServiceException
Event: 2078.667 loading class com/modus/common/exception/AS2CertNotFoundSigningServiceException done
Event: 2078.667 loading class org/mule/devkit/3/7/1/internal/lic/LicenseValidatorFactory
Event: 2078.667 loading class org/mule/devkit/3/7/1/internal/lic/LicenseValidatorFactory done


Dynamic libraries:
0x0000000060571000 	/System/Library/Frameworks/Cocoa.framework/Versions/A/Cocoa
0x0000000060571000 	/System/Library/Frameworks/Security.framework/Versions/A/Security
0x0000000060571000 	/System/Library/Frameworks/ApplicationServices.framework/Versions/A/ApplicationServices
0x0000000060571000 	/usr/lib/libz.1.dylib
0x0000000060571000 	/usr/lib/libSystem.B.dylib
0x0000000060571000 	/usr/lib/libobjc.A.dylib
0x0000000060571000 	/System/Library/Frameworks/CoreFoundation.framework/Versions/A/CoreFoundation
0x0000000060571000 	/System/Library/Frameworks/Foundation.framework/Versions/C/Foundation
0x0000000060571000 	/System/Library/Frameworks/AppKit.framework/Versions/C/AppKit
0x0000000060571000 	/System/Library/Frameworks/CoreData.framework/Versions/A/CoreData
0x0000000060571000 	/System/Library/PrivateFrameworks/RemoteViewServices.framework/Versions/A/RemoteViewServices
0x0000000060571000 	/System/Library/PrivateFrameworks/UIFoundation.framework/Versions/A/UIFoundation
0x0000000060571000 	/System/Library/PrivateFrameworks/DFRFoundation.framework/Versions/A/DFRFoundation
0x0000000060571000 	/usr/lib/libenergytrace.dylib
0x0000000060571000 	/System/Library/PrivateFrameworks/SkyLight.framework/Versions/A/SkyLight
0x0000000060571000 	/System/Library/Frameworks/CoreGraphics.framework/Versions/A/CoreGraphics
0x0000000060571000 	/usr/lib/libScreenReader.dylib
0x0000000060571000 	/System/Library/Frameworks/Accelerate.framework/Versions/A/Accelerate
0x0000000060571000 	/System/Library/Frameworks/IOSurface.framework/Versions/A/IOSurface
0x0000000060571000 	/System/Library/Frameworks/AudioToolbox.framework/Versions/A/AudioToolbox
0x0000000060571000 	/System/Library/Frameworks/AudioUnit.framework/Versions/A/AudioUnit
0x0000000060571000 	/System/Library/PrivateFrameworks/DataDetectorsCore.framework/Versions/A/DataDetectorsCore
0x0000000060571000 	/System/Library/PrivateFrameworks/DesktopServicesPriv.framework/Versions/A/DesktopServicesPriv
0x0000000060571000 	/System/Library/Frameworks/Carbon.framework/Versions/A/Frameworks/HIToolbox.framework/Versions/A/HIToolbox
0x0000000060571000 	/usr/lib/libicucore.A.dylib
0x0000000060571000 	/System/Library/Frameworks/QuartzCore.framework/Versions/A/QuartzCore
0x0000000060571000 	/System/Library/Frameworks/Carbon.framework/Versions/A/Frameworks/SpeechRecognition.framework/Versions/A/SpeechRecognition
0x0000000060571000 	/usr/lib/libauto.dylib
0x0000000060571000 	/usr/lib/libxml2.2.dylib
0x0000000060571000 	/System/Library/PrivateFrameworks/CoreUI.framework/Versions/A/CoreUI
0x0000000060571000 	/System/Library/Frameworks/CoreAudio.framework/Versions/A/CoreAudio
0x0000000060571000 	/System/Library/Frameworks/DiskArbitration.framework/Versions/A/DiskArbitration
0x0000000060571000 	/usr/lib/liblangid.dylib
0x0000000060571000 	/System/Library/PrivateFrameworks/MultitouchSupport.framework/Versions/A/MultitouchSupport
0x0000000060571000 	/System/Library/Frameworks/IOKit.framework/Versions/A/IOKit
0x0000000060571000 	/usr/lib/libDiagnosticMessagesClient.dylib
0x0000000060571000 	/System/Library/Frameworks/CoreServices.framework/Versions/A/CoreServices
0x0000000060571000 	/System/Library/PrivateFrameworks/PerformanceAnalysis.framework/Versions/A/PerformanceAnalysis
0x0000000060571000 	/System/Library/PrivateFrameworks/GenerationalStorage.framework/Versions/A/GenerationalStorage
0x0000000060571000 	/System/Library/Frameworks/OpenGL.framework/Versions/A/OpenGL
0x0000000060571000 	/System/Library/Frameworks/CoreImage.framework/Versions/A/CoreImage
0x0000000060571000 	/System/Library/Frameworks/CoreText.framework/Versions/A/CoreText
0x0000000060571000 	/System/Library/Frameworks/ImageIO.framework/Versions/A/ImageIO
0x0000000060571000 	/System/Library/PrivateFrameworks/Backup.framework/Versions/A/Backup
0x0000000060571000 	/usr/lib/libarchive.2.dylib
0x0000000060571000 	/System/Library/Frameworks/CFNetwork.framework/Versions/A/CFNetwork
0x0000000060571000 	/System/Library/Frameworks/SystemConfiguration.framework/Versions/A/SystemConfiguration
0x0000000060571000 	/usr/lib/libCRFSuite.dylib
0x0000000060571000 	/usr/lib/libc++.1.dylib
0x0000000060571000 	/usr/lib/libc++abi.dylib
0x0000000060571000 	/usr/lib/system/libcache.dylib
0x0000000060571000 	/usr/lib/system/libcommonCrypto.dylib
0x0000000060571000 	/usr/lib/system/libcompiler_rt.dylib
0x0000000060571000 	/usr/lib/system/libcopyfile.dylib
0x0000000060571000 	/usr/lib/system/libcorecrypto.dylib
0x0000000060571000 	/usr/lib/system/libdispatch.dylib
0x0000000060571000 	/usr/lib/system/libdyld.dylib
0x0000000060571000 	/usr/lib/system/libkeymgr.dylib
0x0000000060571000 	/usr/lib/system/liblaunch.dylib
0x0000000060571000 	/usr/lib/system/libmacho.dylib
0x0000000060571000 	/usr/lib/system/libquarantine.dylib
0x0000000060571000 	/usr/lib/system/libremovefile.dylib
0x0000000060571000 	/usr/lib/system/libsystem_asl.dylib
0x0000000060571000 	/usr/lib/system/libsystem_blocks.dylib
0x0000000060571000 	/usr/lib/system/libsystem_c.dylib
0x0000000060571000 	/usr/lib/system/libsystem_configuration.dylib
0x0000000060571000 	/usr/lib/system/libsystem_coreservices.dylib
0x0000000060571000 	/usr/lib/system/libsystem_coretls.dylib
0x0000000060571000 	/usr/lib/system/libsystem_dnssd.dylib
0x0000000060571000 	/usr/lib/system/libsystem_info.dylib
0x0000000060571000 	/usr/lib/system/libsystem_kernel.dylib
0x0000000060571000 	/usr/lib/system/libsystem_m.dylib
0x0000000060571000 	/usr/lib/system/libsystem_malloc.dylib
0x0000000060571000 	/usr/lib/system/libsystem_network.dylib
0x0000000060571000 	/usr/lib/system/libsystem_networkextension.dylib
0x0000000060571000 	/usr/lib/system/libsystem_notify.dylib
0x0000000060571000 	/usr/lib/system/libsystem_platform.dylib
0x0000000060571000 	/usr/lib/system/libsystem_pthread.dylib
0x0000000060571000 	/usr/lib/system/libsystem_sandbox.dylib
0x0000000060571000 	/usr/lib/system/libsystem_secinit.dylib
0x0000000060571000 	/usr/lib/system/libsystem_symptoms.dylib
0x0000000060571000 	/usr/lib/system/libsystem_trace.dylib
0x0000000060571000 	/usr/lib/system/libunwind.dylib
0x0000000060571000 	/usr/lib/system/libxpc.dylib
0x0000000060571000 	/usr/lib/libbsm.0.dylib
0x0000000060571000 	/usr/lib/system/libkxld.dylib
0x0000000060571000 	/usr/lib/libcoretls.dylib
0x0000000060571000 	/usr/lib/libcoretls_cfhelpers.dylib
0x0000000060571000 	/usr/lib/libOpenScriptingUtil.dylib
0x0000000060571000 	/usr/lib/libpam.2.dylib
0x0000000060571000 	/usr/lib/libsqlite3.dylib
0x0000000060571000 	/usr/lib/libxar.1.dylib
0x0000000060571000 	/usr/lib/libbz2.1.0.dylib
0x0000000060571000 	/usr/lib/liblzma.5.dylib
0x0000000060571000 	/usr/lib/libnetwork.dylib
0x0000000060571000 	/usr/lib/libpcap.A.dylib
0x0000000060571000 	/System/Library/Frameworks/CoreServices.framework/Versions/A/Frameworks/FSEvents.framework/Versions/A/FSEvents
0x0000000060571000 	/System/Library/Frameworks/CoreServices.framework/Versions/A/Frameworks/CarbonCore.framework/Versions/A/CarbonCore
0x0000000060571000 	/System/Library/Frameworks/CoreServices.framework/Versions/A/Frameworks/Metadata.framework/Versions/A/Metadata
0x0000000060571000 	/System/Library/Frameworks/CoreServices.framework/Versions/A/Frameworks/OSServices.framework/Versions/A/OSServices
0x0000000060571000 	/System/Library/Frameworks/CoreServices.framework/Versions/A/Frameworks/SearchKit.framework/Versions/A/SearchKit
0x0000000060571000 	/System/Library/Frameworks/CoreServices.framework/Versions/A/Frameworks/AE.framework/Versions/A/AE
0x0000000060571000 	/System/Library/Frameworks/CoreServices.framework/Versions/A/Frameworks/LaunchServices.framework/Versions/A/LaunchServices
0x0000000060571000 	/System/Library/Frameworks/CoreServices.framework/Versions/A/Frameworks/DictionaryServices.framework/Versions/A/DictionaryServices
0x0000000060571000 	/System/Library/Frameworks/CoreServices.framework/Versions/A/Frameworks/SharedFileList.framework/Versions/A/SharedFileList
0x0000000060571000 	/System/Library/Frameworks/NetFS.framework/Versions/A/NetFS
0x0000000060571000 	/System/Library/PrivateFrameworks/NetAuth.framework/Versions/A/NetAuth
0x0000000060571000 	/System/Library/PrivateFrameworks/login.framework/Versions/A/Frameworks/loginsupport.framework/Versions/A/loginsupport
0x0000000060571000 	/System/Library/PrivateFrameworks/TCC.framework/Versions/A/TCC
0x0000000060571000 	/usr/lib/libmecabra.dylib
0x0000000060571000 	/System/Library/Frameworks/ApplicationServices.framework/Versions/A/Frameworks/ATS.framework/Versions/A/ATS
0x0000000060571000 	/System/Library/Frameworks/ApplicationServices.framework/Versions/A/Frameworks/ColorSync.framework/Versions/A/ColorSync
0x0000000060571000 	/System/Library/Frameworks/ApplicationServices.framework/Versions/A/Frameworks/HIServices.framework/Versions/A/HIServices
0x0000000060571000 	/System/Library/Frameworks/ApplicationServices.framework/Versions/A/Frameworks/LangAnalysis.framework/Versions/A/LangAnalysis
0x0000000060571000 	/System/Library/Frameworks/ApplicationServices.framework/Versions/A/Frameworks/PrintCore.framework/Versions/A/PrintCore
0x0000000060571000 	/System/Library/Frameworks/ApplicationServices.framework/Versions/A/Frameworks/QD.framework/Versions/A/QD
0x0000000060571000 	/System/Library/Frameworks/ApplicationServices.framework/Versions/A/Frameworks/SpeechSynthesis.framework/Versions/A/SpeechSynthesis
0x0000000060571000 	/System/Library/Frameworks/Accelerate.framework/Versions/A/Frameworks/vImage.framework/Versions/A/vImage
0x0000000060571000 	/System/Library/Frameworks/Accelerate.framework/Versions/A/Frameworks/vecLib.framework/Versions/A/vecLib
0x0000000060571000 	/System/Library/Frameworks/Accelerate.framework/Versions/A/Frameworks/vecLib.framework/Versions/A/libvDSP.dylib
0x0000000060571000 	/System/Library/Frameworks/Accelerate.framework/Versions/A/Frameworks/vecLib.framework/Versions/A/libBNNS.dylib
0x0000000060571000 	/System/Library/Frameworks/Accelerate.framework/Versions/A/Frameworks/vecLib.framework/Versions/A/libQuadrature.dylib
0x0000000060571000 	/System/Library/Frameworks/Accelerate.framework/Versions/A/Frameworks/vecLib.framework/Versions/A/libvMisc.dylib
0x0000000060571000 	/System/Library/Frameworks/Accelerate.framework/Versions/A/Frameworks/vecLib.framework/Versions/A/libLAPACK.dylib
0x0000000060571000 	/System/Library/Frameworks/Accelerate.framework/Versions/A/Frameworks/vecLib.framework/Versions/A/libBLAS.dylib
0x0000000060571000 	/System/Library/Frameworks/Accelerate.framework/Versions/A/Frameworks/vecLib.framework/Versions/A/libLinearAlgebra.dylib
0x0000000060571000 	/System/Library/Frameworks/Accelerate.framework/Versions/A/Frameworks/vecLib.framework/Versions/A/libSparseBLAS.dylib
0x0000000060571000 	/System/Library/Frameworks/ApplicationServices.framework/Versions/A/Frameworks/ATS.framework/Versions/A/Resources/libFontParser.dylib
0x0000000060571000 	/System/Library/Frameworks/ApplicationServices.framework/Versions/A/Frameworks/ATS.framework/Versions/A/Resources/libFontRegistry.dylib
0x0000000060571000 	/System/Library/Frameworks/ImageIO.framework/Versions/A/Resources/libJPEG.dylib
0x0000000060571000 	/System/Library/Frameworks/ImageIO.framework/Versions/A/Resources/libTIFF.dylib
0x0000000060571000 	/System/Library/Frameworks/ImageIO.framework/Versions/A/Resources/libPng.dylib
0x0000000060571000 	/System/Library/Frameworks/ImageIO.framework/Versions/A/Resources/libGIF.dylib
0x0000000060571000 	/System/Library/Frameworks/ImageIO.framework/Versions/A/Resources/libJP2.dylib
0x0000000060571000 	/System/Library/Frameworks/ImageIO.framework/Versions/A/Resources/libRadiance.dylib
0x0000000060571000 	/usr/lib/libcompression.dylib
0x0000000060571000 	/System/Library/PrivateFrameworks/AppleJPEG.framework/Versions/A/AppleJPEG
0x0000000060571000 	/usr/lib/libcups.2.dylib
0x0000000060571000 	/System/Library/Frameworks/Kerberos.framework/Versions/A/Kerberos
0x0000000060571000 	/System/Library/Frameworks/GSS.framework/Versions/A/GSS
0x0000000060571000 	/usr/lib/libresolv.9.dylib
0x0000000060571000 	/usr/lib/libiconv.2.dylib
0x0000000060571000 	/System/Library/PrivateFrameworks/Heimdal.framework/Versions/A/Heimdal
0x0000000060571000 	/usr/lib/libheimdal-asn1.dylib
0x0000000060571000 	/System/Library/Frameworks/OpenDirectory.framework/Versions/A/OpenDirectory
0x0000000060571000 	/System/Library/PrivateFrameworks/CommonAuth.framework/Versions/A/CommonAuth
0x0000000060571000 	/System/Library/Frameworks/OpenDirectory.framework/Versions/A/Frameworks/CFOpenDirectory.framework/Versions/A/CFOpenDirectory
0x0000000060571000 	/System/Library/Frameworks/SecurityFoundation.framework/Versions/A/SecurityFoundation
0x0000000060571000 	/System/Library/PrivateFrameworks/LanguageModeling.framework/Versions/A/LanguageModeling
0x0000000060571000 	/usr/lib/libmarisa.dylib
0x0000000060571000 	/usr/lib/libChineseTokenizer.dylib
0x0000000060571000 	/usr/lib/libcmph.dylib
0x0000000060571000 	/System/Library/PrivateFrameworks/CoreEmoji.framework/Versions/A/CoreEmoji
0x0000000060571000 	/System/Library/Frameworks/ServiceManagement.framework/Versions/A/ServiceManagement
0x0000000060571000 	/usr/lib/libxslt.1.dylib
0x0000000060571000 	/System/Library/Frameworks/Carbon.framework/Versions/A/Frameworks/Ink.framework/Versions/A/Ink
0x0000000060571000 	/System/Library/PrivateFrameworks/TextureIO.framework/Versions/A/TextureIO
0x0000000060571000 	/System/Library/Frameworks/Metal.framework/Versions/A/Metal
0x0000000060571000 	/usr/lib/libate.dylib
0x0000000060571000 	/System/Library/PrivateFrameworks/GPUCompiler.framework/libmetal_timestamp.dylib
0x0000000060571000 	/System/Library/Frameworks/OpenGL.framework/Versions/A/Libraries/libCoreFSCache.dylib
0x0000000060571000 	/System/Library/PrivateFrameworks/IOAccelerator.framework/Versions/A/IOAccelerator
0x0000000060571000 	/System/Library/Frameworks/CoreVideo.framework/Versions/A/CoreVideo
0x0000000060571000 	/usr/lib/libFosl_dynamic.dylib
0x0000000060571000 	/System/Library/PrivateFrameworks/MetalPerformanceShaders.framework/Versions/A/MetalPerformanceShaders
0x0000000060571000 	/System/Library/PrivateFrameworks/FaceCore.framework/Versions/A/FaceCore
0x0000000060571000 	/System/Library/Frameworks/OpenCL.framework/Versions/A/OpenCL
0x0000000060571000 	/System/Library/Frameworks/OpenGL.framework/Versions/A/Libraries/libGLU.dylib
0x0000000060571000 	/System/Library/Frameworks/OpenGL.framework/Versions/A/Libraries/libGFXShared.dylib
0x0000000060571000 	/System/Library/Frameworks/OpenGL.framework/Versions/A/Libraries/libGL.dylib
0x0000000060571000 	/System/Library/Frameworks/OpenGL.framework/Versions/A/Libraries/libGLImage.dylib
0x0000000060571000 	/System/Library/Frameworks/OpenGL.framework/Versions/A/Libraries/libCVMSPluginSupport.dylib
0x0000000060571000 	/System/Library/Frameworks/OpenGL.framework/Versions/A/Libraries/libCoreVMClient.dylib
0x0000000060571000 	/System/Library/PrivateFrameworks/CrashReporterSupport.framework/Versions/A/CrashReporterSupport
0x0000000060571000 	/System/Library/PrivateFrameworks/Sharing.framework/Versions/A/Sharing
0x0000000060571000 	/System/Library/PrivateFrameworks/IconServices.framework/Versions/A/IconServices
0x0000000060571000 	/System/Library/PrivateFrameworks/ProtocolBuffer.framework/Versions/A/ProtocolBuffer
0x0000000060571000 	/System/Library/PrivateFrameworks/Apple80211.framework/Versions/A/Apple80211
0x0000000060571000 	/System/Library/Frameworks/CoreWLAN.framework/Versions/A/CoreWLAN
0x0000000060571000 	/System/Library/PrivateFrameworks/CoreUtils.framework/Versions/A/CoreUtils
0x0000000060571000 	/System/Library/Frameworks/IOBluetooth.framework/Versions/A/IOBluetooth
0x0000000060571000 	/System/Library/PrivateFrameworks/CoreWiFi.framework/Versions/A/CoreWiFi
0x0000000060571000 	/System/Library/Frameworks/CoreBluetooth.framework/Versions/A/CoreBluetooth
0x0000000060571000 	/System/Library/Frameworks/CoreDisplay.framework/Versions/A/CoreDisplay
0x0000000060571000 	/System/Library/PrivateFrameworks/IOPresentment.framework/Versions/A/IOPresentment
0x0000000060571000 	/System/Library/PrivateFrameworks/DSExternalDisplay.framework/Versions/A/DSExternalDisplay
0x0000000060571000 	/System/Library/PrivateFrameworks/DebugSymbols.framework/Versions/A/DebugSymbols
0x0000000060571000 	/System/Library/PrivateFrameworks/CoreSymbolication.framework/Versions/A/CoreSymbolication
0x0000000060571000 	/System/Library/PrivateFrameworks/Symbolication.framework/Versions/A/Symbolication
0x0000000060571000 	/System/Library/PrivateFrameworks/AppleFSCompression.framework/Versions/A/AppleFSCompression
0x0000000060571000 	/System/Library/PrivateFrameworks/SpeechRecognitionCore.framework/Versions/A/SpeechRecognitionCore
0x0000000060571000 	/System/Library/PrivateFrameworks/ChunkingLibrary.framework/Versions/A/ChunkingLibrary
0x0000000107800000 	/Library/Java/JavaVirtualMachines/jdk1.8.0_111.jdk/Contents/Home/jre/lib/server/libjvm.dylib
0x0000000060571000 	/usr/lib/libstdc++.6.dylib
0x0000000105f1c000 	/Library/Java/JavaVirtualMachines/jdk1.8.0_111.jdk/Contents/Home/jre/lib/libverify.dylib
0x0000000105f2a000 	/Library/Java/JavaVirtualMachines/jdk1.8.0_111.jdk/Contents/Home/jre/lib/libjava.dylib
0x0000000105f69000 	/Library/Java/JavaVirtualMachines/jdk1.8.0_111.jdk/Contents/Home/jre/lib/libzip.dylib
0x00000001230b8000 	/System/Library/Frameworks/JavaVM.framework/Frameworks/JavaRuntimeSupport.framework/JavaRuntimeSupport
0x00000001230d2000 	/System/Library/Frameworks/JavaVM.framework/Versions/A/Frameworks/JavaNativeFoundation.framework/Versions/A/JavaNativeFoundation
0x00000001067ed000 	/System/Library/Frameworks/JavaVM.framework/Versions/A/JavaVM
0x0000000060571000 	/System/Library/Frameworks/Carbon.framework/Versions/A/Carbon
0x00000001230e7000 	/System/Library/PrivateFrameworks/JavaLaunching.framework/Versions/A/JavaLaunching
0x0000000060571000 	/System/Library/Frameworks/Carbon.framework/Versions/A/Frameworks/CommonPanels.framework/Versions/A/CommonPanels
0x0000000060571000 	/System/Library/Frameworks/Carbon.framework/Versions/A/Frameworks/Help.framework/Versions/A/Help
0x0000000060571000 	/System/Library/Frameworks/Carbon.framework/Versions/A/Frameworks/ImageCapture.framework/Versions/A/ImageCapture
0x0000000060571000 	/System/Library/Frameworks/Carbon.framework/Versions/A/Frameworks/OpenScripting.framework/Versions/A/OpenScripting
0x0000000060571000 	/System/Library/Frameworks/Carbon.framework/Versions/A/Frameworks/Print.framework/Versions/A/Print
0x0000000060571000 	/System/Library/Frameworks/Carbon.framework/Versions/A/Frameworks/SecurityHI.framework/Versions/A/SecurityHI
0x0000000125fe5000 	/Library/Java/JavaVirtualMachines/jdk1.8.0_111.jdk/Contents/Home/jre/lib/libmanagement.dylib
0x0000000125a0b000 	/Library/Java/JavaVirtualMachines/jdk1.8.0_111.jdk/Contents/Home/jre/lib/libnet.dylib
0x0000000125807000 	/Library/Java/JavaVirtualMachines/jdk1.8.0_111.jdk/Contents/Home/jre/lib/libnio.dylib
0x0000000125d07000 	/Library/Java/JavaVirtualMachines/jdk1.8.0_111.jdk/Contents/Home/jre/lib/libsunec.dylib

VM Arguments:
jvm_args: -XX:PermSize=128M -XX:MaxPermSize=256M -Dmule.home=/Users/gillesramone/AnypointStudio/workspaces/ferrelgas/.mule -Djava.endorsed.dirs=/Applications/AnypointStudio.app/Contents/Eclipse/plugins/org.mule.tooling.server.3.8.3.ee_6.2.0.201704271531/mule/lib/endorsed/ -Djava.net.preferIPv4Stack=TRUE -Dmvel2.disable.jit=TRUE -Dosgi.dev=true -Dmule.verbose.exceptions=true -Dmule.plugins.dir=/Applications/AnypointStudio.app/Contents/Eclipse/plugins/org.mule.tooling.server.3.8.3.ee_6.2.0.201704271531/mule/plugins -Dmule.agent.enabled=false -Dmule.forceConsoleLog -Dlog4j.debug=true -Danypoint.platform.gatekeeper=false -Dosgi.instance.area=file:/Users/gillesramone/AnypointStudio/workspaces/ferrelgas -Dx12.partner.id=BR1000002 -Dx12.company.interchange.id=ZZ -Das2.partner.http.port=8083 -Denviroment.id=ba8637fc-6527-43f0-a7ea-39e90b680e27 -Das2.company.id=MOUNTAINOUT -Dapi.key=c6106fa4cf674a96bfb957052ae612c8 -Das2.partner.http.host=localhost -Das2.company.http.port=8082 -Dx12.company.id=MOUNTAINOUT -Dx12.partner.interchange.id=ZZ -Das2.partner.id=LOWES -Das2.company.http.host=localhost -Dfile.encoding=UTF-8 
java_command: org.mule.tooling.server.application.ApplicationDeployer
java_class_path (initial): /Applications/AnypointStudio.app/Contents/Eclipse/plugins/org.mule.tooling.server.3.8.3.ee_6.2.0.201704271531/mule/tooling/tooling-support-3.8.3.jar:/Applications/AnypointStudio.app/Contents/Eclipse/plugins/org.mule.tooling.server.3.8.3.ee_6.2.0.201704271531/mule/lib/boot/commons-cli-1.2.jar:/Applications/AnypointStudio.app/Contents/Eclipse/plugins/org.mule.tooling.server.3.8.3.ee_6.2.0.201704271531/mule/lib/boot/commons-codec-1.9.jar:/Applications/AnypointStudio.app/Contents/Eclipse/plugins/org.mule.tooling.server.3.8.3.ee_6.2.0.201704271531/mule/lib/boot/disruptor-3.3.0.jar:/Applications/AnypointStudio.app/Contents/Eclipse/plugins/org.mule.tooling.server.3.8.3.ee_6.2.0.201704271531/mule/lib/boot/jcl-over-slf4j-1.7.7.jar:/Applications/AnypointStudio.app/Contents/Eclipse/plugins/org.mule.tooling.server.3.8.3.ee_6.2.0.201704271531/mule/lib/boot/license-utils-gw-3.8.3.jar:/Applications/AnypointStudio.app/Contents/Eclipse/plugins/org.mule.tooling.server.3.8.3.ee_6.2.0.201704271531/mule/lib/boot/licm-studio-1.1.4.jar:/Applications/AnypointStudio.app/Contents/Eclipse/plugins/org.mule.tooling.server.3.8.3.ee_6.2.0.201704271531/mule/lib/boot/log4j-1.2-api-2.5.jar:/Applications/AnypointStudio.app/Contents/Eclipse/plugins/org.mule.tooling.server.3.8.3.ee_6.2.0.201704271531/mule/lib/boot/log4j-api-2.5.jar:/Applications/AnypointStudio.app/Contents/Eclipse/plugins/org.mule.tooling.server.3.8.3.ee_6.2.0.201704271531/mule/lib/boot/log4j-core-2.5.jar:/Applications/AnypointStudio.app/Contents/Eclipse/plugins/org.mule.tooling.server.3.8.3.ee_6.2.0.201704271531/mule/lib/boot/log4j-jcl-2.5.jar:/Applications/AnypointStudio.app/Contents/Eclipse/plugins/org.mule.tooling.server.3.8.3.ee_6.2.0.201704271531/mule/lib/boot/log4j-jul-2.5.jar:/Applications/AnypointStudio.app/Contents/Eclipse/plugins/org.mule.tooling.server.3.8.3.ee_6.2.0.201704271531/mule/lib/boot/log4j-slf4j-impl-2.5.jar:/Applications/AnypointStudio.app/Contents/Eclipse/plugins/org.mule.tooling.ser
Launcher Type: SUN_STANDARD

Environment Variables:
PATH=/usr/bin:/bin:/usr/sbin:/sbin
SHELL=/bin/bash

Signal Handlers:
SIGSEGV: [libjvm.dylib+0x5b03ed], sa_mask[0]=11111111011111110111111111111111, sa_flags=SA_ONSTACK|SA_RESTART|SA_SIGINFO
SIGBUS: [libjvm.dylib+0x5b03ed], sa_mask[0]=11111111011111110111111111111111, sa_flags=SA_RESTART|SA_SIGINFO
SIGFPE: [libjvm.dylib+0x48711c], sa_mask[0]=11111111011111110111111111111111, sa_flags=SA_RESTART|SA_SIGINFO
SIGPIPE: [libjvm.dylib+0x48711c], sa_mask[0]=11111111011111110111111111111111, sa_flags=SA_RESTART|SA_SIGINFO
SIGXFSZ: [libjvm.dylib+0x48711c], sa_mask[0]=11111111011111110111111111111111, sa_flags=SA_RESTART|SA_SIGINFO
SIGILL: [libjvm.dylib+0x48711c], sa_mask[0]=11111111011111110111111111111111, sa_flags=SA_RESTART|SA_SIGINFO
SIGUSR1: SIG_DFL, sa_mask[0]=00000000000000000000000000000000, sa_flags=none
SIGUSR2: [libjvm.dylib+0x486c3a], sa_mask[0]=00100000000000000000000000000000, sa_flags=SA_RESTART|SA_SIGINFO
SIGHUP: [libjvm.dylib+0x485211], sa_mask[0]=11111111011111110111111111111111, sa_flags=SA_RESTART|SA_SIGINFO
SIGINT: [libjvm.dylib+0x485211], sa_mask[0]=11111111011111110111111111111111, sa_flags=SA_RESTART|SA_SIGINFO
SIGTERM: [libjvm.dylib+0x485211], sa_mask[0]=11111111011111110111111111111111, sa_flags=SA_RESTART|SA_SIGINFO
SIGQUIT: [libjvm.dylib+0x485211], sa_mask[0]=11111111011111110111111111111111, sa_flags=SA_RESTART|SA_SIGINFO


---------------  S Y S T E M  ---------------

OS:Bsduname:Darwin 16.5.0 Darwin Kernel Version 16.5.0: Fri Mar  3 16:52:33 PST 2017; root:xnu-3789.51.2~3/RELEASE_X86_64 x86_64
rlimit: STACK 8192k, CORE 0k, NPROC 709, NOFILE 10240, AS infinity
load average:2.87 3.22 3.06

CPU:total 8 (4 cores per cpu, 2 threads per core) family 6 model 70 stepping 1, cmov, cx8, fxsr, mmx, sse, sse2, sse3, ssse3, sse4.1, sse4.2, popcnt, avx, avx2, aes, clmul, erms, lzcnt, ht, tsc, tscinvbit, bmi1, bmi2

Memory: 4k page, physical 16777216k(42216k free)

/proc/meminfo:


vm_info: Java HotSpot(TM) 64-Bit Server VM (25.111-b14) for bsd-amd64 JRE (1.8.0_111-b14), built on Sep 22 2016 15:31:41 by "java_re" with gcc 4.2.1 (Based on Apple Inc. build 5658) (LLVM build 2336.11.00)

time: Tue May 30 14:47:11 2017
elapsed time: 2078 seconds (0d 0h 34m 38s)

